<?xml version="1.0" encoding="UTF-8"?>
<!-- Generated by org.testng.reporters.JUnitReportReporter -->
<testsuite hostname="DESKTOP-4H86CTH" failures="0" tests="1" name="com.practice.testng.ParallerBrowser2" time="4.985" errors="0" timestamp="2021-08-30T11:49:52 EDT" skipped="0">
  <testcase classname="com.practice.testng.ParallerBrowser2" name="getTest" time="4.985"/>
  <system-out/>
</testsuite> <!-- com.practice.testng.ParallerBrowser2 -->
