<?xml version="1.0" encoding="UTF-8"?>
<!-- Generated by org.testng.reporters.JUnitReportReporter -->
<testsuite hostname="DESKTOP-4H86CTH" failures="0" tests="1" name="com.smoke.test.ZooplaLoginExecution" time="3.812" errors="0" timestamp="2021-09-02T21:58:38 EDT" skipped="0">
  <testcase classname="com.smoke.test.ZooplaLoginExecution" name="loginTest" time="3.812"/>
  <system-out/>
</testsuite> <!-- com.smoke.test.ZooplaLoginExecution -->
